Analysis & Synthesis report for single-cycle-arm-microprocessor
Fri Dec 17 05:42:11 2021
Quartus Prime Version 20.1.1 Build 720 11/11/2020 Patches 1.02i SJ Lite Edition


---------------------
; Table of Contents ;
---------------------
  1. Legal Notice
  2. Analysis & Synthesis Summary
  3. Analysis & Synthesis Settings
  4. Parallel Compilation
  5. Analysis & Synthesis Source Files Read
  6. Analysis & Synthesis Resource Usage Summary
  7. Analysis & Synthesis Resource Utilization by Entity
  8. General Register Statistics
  9. Parameter Settings for User Entity Instance: mux_2x1:mux_2x1_alu_src2
 10. Parameter Settings for User Entity Instance: mux_2x1:mux_2x1_datamem_WAddr
 11. Parameter Settings for User Entity Instance: mux_3x1:mux_3x1_regfile_WD
 12. Port Connectivity Checks: "decoder:decoder_inst"
 13. Port Connectivity Checks: "flags:flags_inst"
 14. Port Connectivity Checks: "controller:controller_inst"
 15. Post-Synthesis Netlist Statistics for Top Partition
 16. Elapsed Time Per Partition
 17. Analysis & Synthesis Messages
 18. Analysis & Synthesis Suppressed Messages



----------------
; Legal Notice ;
----------------
Copyright (C) 2020  Intel Corporation. All rights reserved.
Your use of Intel Corporation's design tools, logic functions 
and other software and tools, and any partner logic 
functions, and any output files from any of the foregoing 
(including device programming or simulation files), and any 
associated documentation or information are expressly subject 
to the terms and conditions of the Intel Program License 
Subscription Agreement, the Intel Quartus Prime License Agreement,
the Intel FPGA IP License Agreement, or other applicable license
agreement, including, without limitation, that your use is for
the sole purpose of programming logic devices manufactured by
Intel and sold by Intel or its authorized distributors.  Please
refer to the applicable agreement for further details, at
https://fpgasoftware.intel.com/eula.



+---------------------------------------------------------------------------------------------+
; Analysis & Synthesis Summary                                                                ;
+---------------------------------+-----------------------------------------------------------+
; Analysis & Synthesis Status     ; Successful - Fri Dec 17 05:42:11 2021                     ;
; Quartus Prime Version           ; 20.1.1 Build 720 11/11/2020 Patches 1.02i SJ Lite Edition ;
; Revision Name                   ; single-cycle-arm-microprocessor                           ;
; Top-level Entity Name           ; top                                                       ;
; Family                          ; Cyclone V                                                 ;
; Logic utilization (in ALMs)     ; N/A                                                       ;
; Total registers                 ; 0                                                         ;
; Total pins                      ; 1                                                         ;
; Total virtual pins              ; 0                                                         ;
; Total block memory bits         ; 0                                                         ;
; Total DSP Blocks                ; 0                                                         ;
; Total HSSI RX PCSs              ; 0                                                         ;
; Total HSSI PMA RX Deserializers ; 0                                                         ;
; Total HSSI TX PCSs              ; 0                                                         ;
; Total HSSI PMA TX Serializers   ; 0                                                         ;
; Total PLLs                      ; 0                                                         ;
; Total DLLs                      ; 0                                                         ;
+---------------------------------+-----------------------------------------------------------+


+----------------------------------------------------------------------------------------------------------------------------------------+
; Analysis & Synthesis Settings                                                                                                          ;
+---------------------------------------------------------------------------------+--------------------+---------------------------------+
; Option                                                                          ; Setting            ; Default Value                   ;
+---------------------------------------------------------------------------------+--------------------+---------------------------------+
; Device                                                                          ; 5CSEMA4U23C6       ;                                 ;
; Top-level entity name                                                           ; top                ; single-cycle-arm-microprocessor ;
; Family name                                                                     ; Cyclone V          ; Cyclone V                       ;
; Use smart compilation                                                           ; Off                ; Off                             ;
; Enable parallel Assembler and Timing Analyzer during compilation                ; On                 ; On                              ;
; Enable compact report table                                                     ; Off                ; Off                             ;
; Restructure Multiplexers                                                        ; Auto               ; Auto                            ;
; MLAB Add Timing Constraints For Mixed-Port Feed-Through Mode Setting Don't Care ; Off                ; Off                             ;
; Create Debugging Nodes for IP Cores                                             ; Off                ; Off                             ;
; Preserve fewer node names                                                       ; On                 ; On                              ;
; Intel FPGA IP Evaluation Mode                                                   ; Enable             ; Enable                          ;
; Verilog Version                                                                 ; Verilog_2001       ; Verilog_2001                    ;
; VHDL Version                                                                    ; VHDL_1993          ; VHDL_1993                       ;
; State Machine Processing                                                        ; Auto               ; Auto                            ;
; Safe State Machine                                                              ; Off                ; Off                             ;
; Extract Verilog State Machines                                                  ; On                 ; On                              ;
; Extract VHDL State Machines                                                     ; On                 ; On                              ;
; Ignore Verilog initial constructs                                               ; Off                ; Off                             ;
; Iteration limit for constant Verilog loops                                      ; 5000               ; 5000                            ;
; Iteration limit for non-constant Verilog loops                                  ; 250                ; 250                             ;
; Add Pass-Through Logic to Inferred RAMs                                         ; On                 ; On                              ;
; Infer RAMs from Raw Logic                                                       ; On                 ; On                              ;
; Parallel Synthesis                                                              ; On                 ; On                              ;
; DSP Block Balancing                                                             ; Auto               ; Auto                            ;
; NOT Gate Push-Back                                                              ; On                 ; On                              ;
; Power-Up Don't Care                                                             ; On                 ; On                              ;
; Remove Redundant Logic Cells                                                    ; Off                ; Off                             ;
; Remove Duplicate Registers                                                      ; On                 ; On                              ;
; Ignore CARRY Buffers                                                            ; Off                ; Off                             ;
; Ignore CASCADE Buffers                                                          ; Off                ; Off                             ;
; Ignore GLOBAL Buffers                                                           ; Off                ; Off                             ;
; Ignore ROW GLOBAL Buffers                                                       ; Off                ; Off                             ;
; Ignore LCELL Buffers                                                            ; Off                ; Off                             ;
; Ignore SOFT Buffers                                                             ; On                 ; On                              ;
; Limit AHDL Integers to 32 Bits                                                  ; Off                ; Off                             ;
; Optimization Technique                                                          ; Balanced           ; Balanced                        ;
; Carry Chain Length                                                              ; 70                 ; 70                              ;
; Auto Carry Chains                                                               ; On                 ; On                              ;
; Auto Open-Drain Pins                                                            ; On                 ; On                              ;
; Perform WYSIWYG Primitive Resynthesis                                           ; Off                ; Off                             ;
; Auto ROM Replacement                                                            ; On                 ; On                              ;
; Auto RAM Replacement                                                            ; On                 ; On                              ;
; Auto DSP Block Replacement                                                      ; On                 ; On                              ;
; Auto Shift Register Replacement                                                 ; Auto               ; Auto                            ;
; Allow Shift Register Merging across Hierarchies                                 ; Auto               ; Auto                            ;
; Auto Clock Enable Replacement                                                   ; On                 ; On                              ;
; Strict RAM Replacement                                                          ; Off                ; Off                             ;
; Allow Synchronous Control Signals                                               ; On                 ; On                              ;
; Force Use of Synchronous Clear Signals                                          ; Off                ; Off                             ;
; Auto Resource Sharing                                                           ; Off                ; Off                             ;
; Allow Any RAM Size For Recognition                                              ; Off                ; Off                             ;
; Allow Any ROM Size For Recognition                                              ; Off                ; Off                             ;
; Allow Any Shift Register Size For Recognition                                   ; Off                ; Off                             ;
; Use LogicLock Constraints during Resource Balancing                             ; On                 ; On                              ;
; Ignore translate_off and synthesis_off directives                               ; Off                ; Off                             ;
; Timing-Driven Synthesis                                                         ; On                 ; On                              ;
; Report Parameter Settings                                                       ; On                 ; On                              ;
; Report Source Assignments                                                       ; On                 ; On                              ;
; Report Connectivity Checks                                                      ; On                 ; On                              ;
; Ignore Maximum Fan-Out Assignments                                              ; Off                ; Off                             ;
; Synchronization Register Chain Length                                           ; 3                  ; 3                               ;
; Power Optimization During Synthesis                                             ; Normal compilation ; Normal compilation              ;
; HDL message level                                                               ; Level2             ; Level2                          ;
; Suppress Register Optimization Related Messages                                 ; Off                ; Off                             ;
; Number of Removed Registers Reported in Synthesis Report                        ; 5000               ; 5000                            ;
; Number of Swept Nodes Reported in Synthesis Report                              ; 5000               ; 5000                            ;
; Number of Inverted Registers Reported in Synthesis Report                       ; 100                ; 100                             ;
; Clock MUX Protection                                                            ; On                 ; On                              ;
; Auto Gated Clock Conversion                                                     ; Off                ; Off                             ;
; Block Design Naming                                                             ; Auto               ; Auto                            ;
; SDC constraint protection                                                       ; Off                ; Off                             ;
; Synthesis Effort                                                                ; Auto               ; Auto                            ;
; Shift Register Replacement - Allow Asynchronous Clear Signal                    ; On                 ; On                              ;
; Pre-Mapping Resynthesis Optimization                                            ; Off                ; Off                             ;
; Analysis & Synthesis Message Level                                              ; Medium             ; Medium                          ;
; Disable Register Merging Across Hierarchies                                     ; Auto               ; Auto                            ;
; Resource Aware Inference For Block RAM                                          ; On                 ; On                              ;
; Automatic Parallel Synthesis                                                    ; On                 ; On                              ;
; Partial Reconfiguration Bitstream ID                                            ; Off                ; Off                             ;
+---------------------------------------------------------------------------------+--------------------+---------------------------------+


+------------------------------------------+
; Parallel Compilation                     ;
+----------------------------+-------------+
; Processors                 ; Number      ;
+----------------------------+-------------+
; Number detected on machine ; 4           ;
; Maximum allowed            ; 2           ;
;                            ;             ;
; Average used               ; 1.00        ;
; Maximum used               ; 1           ;
;                            ;             ;
; Usage by Processor         ; % Time Used ;
;     Processor 1            ; 100.0%      ;
+----------------------------+-------------+


+--------------------------------------------------------------------------------------------------------------------------------------------------------------------------+
; Analysis & Synthesis Source Files Read                                                                                                                                   ;
+----------------------------------+-----------------+------------------------------+----------------------------------------------------------------------------+---------+
; File Name with User-Entered Path ; Used in Netlist ; File Type                    ; File Name with Absolute Path                                               ; Library ;
+----------------------------------+-----------------+------------------------------+----------------------------------------------------------------------------+---------+
; regfile.sv                       ; yes             ; User SystemVerilog HDL File  ; C:/Users/ninom/OneDrive/Desktop/CE475/microprocessor/regfile.sv            ;         ;
; zero_concatenator.sv             ; yes             ; User SystemVerilog HDL File  ; C:/Users/ninom/OneDrive/Desktop/CE475/microprocessor/zero_concatenator.sv  ;         ;
; cpu_alu.sv                       ; yes             ; User SystemVerilog HDL File  ; C:/Users/ninom/OneDrive/Desktop/CE475/microprocessor/cpu_alu.sv            ;         ;
; cpu_decoder.sv                   ; yes             ; User SystemVerilog HDL File  ; C:/Users/ninom/OneDrive/Desktop/CE475/microprocessor/cpu_decoder.sv        ;         ;
; instruction_memory.sv            ; yes             ; User SystemVerilog HDL File  ; C:/Users/ninom/OneDrive/Desktop/CE475/microprocessor/instruction_memory.sv ;         ;
; data_memory.sv                   ; yes             ; User SystemVerilog HDL File  ; C:/Users/ninom/OneDrive/Desktop/CE475/microprocessor/data_memory.sv        ;         ;
; flags.sv                         ; yes             ; User SystemVerilog HDL File  ; C:/Users/ninom/OneDrive/Desktop/CE475/microprocessor/flags.sv              ;         ;
; top.sv                           ; yes             ; User SystemVerilog HDL File  ; C:/Users/ninom/OneDrive/Desktop/CE475/microprocessor/top.sv                ;         ;
; cpu_shifter.sv                   ; yes             ; User SystemVerilog HDL File  ; C:/Users/ninom/OneDrive/Desktop/CE475/microprocessor/cpu_shifter.sv        ;         ;
; mux_2X1.sv                       ; yes             ; User SystemVerilog HDL File  ; C:/Users/ninom/OneDrive/Desktop/CE475/microprocessor/mux_2X1.sv            ;         ;
; controller.sv                    ; yes             ; User SystemVerilog HDL File  ; C:/Users/ninom/OneDrive/Desktop/CE475/microprocessor/controller.sv         ;         ;
; incrementor.sv                   ; yes             ; User SystemVerilog HDL File  ; C:/Users/ninom/OneDrive/Desktop/CE475/microprocessor/incrementor.sv        ;         ;
; mux_3x1.sv                       ; yes             ; User SystemVerilog HDL File  ; C:/Users/ninom/OneDrive/Desktop/CE475/microprocessor/mux_3x1.sv            ;         ;
+----------------------------------+-----------------+------------------------------+----------------------------------------------------------------------------+---------+


+-----------------------------------------------------+
; Analysis & Synthesis Resource Usage Summary         ;
+---------------------------------------------+-------+
; Resource                                    ; Usage ;
+---------------------------------------------+-------+
; Estimate of Logic utilization (ALMs needed) ; 0     ;
;                                             ;       ;
; Combinational ALUT usage for logic          ; 0     ;
;     -- 7 input functions                    ; 0     ;
;     -- 6 input functions                    ; 0     ;
;     -- 5 input functions                    ; 0     ;
;     -- 4 input functions                    ; 0     ;
;     -- <=3 input functions                  ; 0     ;
;                                             ;       ;
; Dedicated logic registers                   ; 0     ;
;                                             ;       ;
; I/O pins                                    ; 1     ;
;                                             ;       ;
; Total DSP Blocks                            ; 0     ;
;                                             ;       ;
; Maximum fan-out node                        ; clk   ;
; Maximum fan-out                             ; 1     ;
; Total fan-out                               ; 1     ;
; Average fan-out                             ; 0.50  ;
+---------------------------------------------+-------+


+----------------------------------------------------------------------------------------------------------------------------------------------------------------------------------------+
; Analysis & Synthesis Resource Utilization by Entity                                                                                                                                    ;
+----------------------------+---------------------+---------------------------+-------------------+------------+------+--------------+---------------------+-------------+--------------+
; Compilation Hierarchy Node ; Combinational ALUTs ; Dedicated Logic Registers ; Block Memory Bits ; DSP Blocks ; Pins ; Virtual Pins ; Full Hierarchy Name ; Entity Name ; Library Name ;
+----------------------------+---------------------+---------------------------+-------------------+------------+------+--------------+---------------------+-------------+--------------+
; |top                       ; 0 (0)               ; 0 (0)                     ; 0                 ; 0          ; 1    ; 0            ; |top                ; top         ; work         ;
+----------------------------+---------------------+---------------------------+-------------------+------------+------+--------------+---------------------+-------------+--------------+
Note: For table entries with two numbers listed, the numbers in parentheses indicate the number of resources of the given type used by the specific entity alone. The numbers listed outside of parentheses indicate the total resources of the given type used by the specific entity and all of its sub-entities in the hierarchy.


+------------------------------------------------------+
; General Register Statistics                          ;
+----------------------------------------------+-------+
; Statistic                                    ; Value ;
+----------------------------------------------+-------+
; Total registers                              ; 0     ;
; Number of registers using Synchronous Clear  ; 0     ;
; Number of registers using Synchronous Load   ; 0     ;
; Number of registers using Asynchronous Clear ; 0     ;
; Number of registers using Asynchronous Load  ; 0     ;
; Number of registers using Clock Enable       ; 0     ;
; Number of registers using Preset             ; 0     ;
+----------------------------------------------+-------+


+-----------------------------------------------------------------------+
; Parameter Settings for User Entity Instance: mux_2x1:mux_2x1_alu_src2 ;
+----------------+-------+----------------------------------------------+
; Parameter Name ; Value ; Type                                         ;
+----------------+-------+----------------------------------------------+
; BITS           ; 32    ; Signed Integer                               ;
+----------------+-------+----------------------------------------------+
Note: In order to hide this table in the UI and the text report file, please set the "Show Parameter Settings in Synthesis Report" option in "Analysis and Synthesis Settings -> More Settings" to "Off".


+----------------------------------------------------------------------------+
; Parameter Settings for User Entity Instance: mux_2x1:mux_2x1_datamem_WAddr ;
+----------------+-------+---------------------------------------------------+
; Parameter Name ; Value ; Type                                              ;
+----------------+-------+---------------------------------------------------+
; BITS           ; 32    ; Signed Integer                                    ;
+----------------+-------+---------------------------------------------------+
Note: In order to hide this table in the UI and the text report file, please set the "Show Parameter Settings in Synthesis Report" option in "Analysis and Synthesis Settings -> More Settings" to "Off".


+-------------------------------------------------------------------------+
; Parameter Settings for User Entity Instance: mux_3x1:mux_3x1_regfile_WD ;
+----------------+-------+------------------------------------------------+
; Parameter Name ; Value ; Type                                           ;
+----------------+-------+------------------------------------------------+
; BITS           ; 32    ; Signed Integer                                 ;
+----------------+-------+------------------------------------------------+
Note: In order to hide this table in the UI and the text report file, please set the "Show Parameter Settings in Synthesis Report" option in "Analysis and Synthesis Settings -> More Settings" to "Off".


+-----------------------------------------------------------------------------------------------------------------+
; Port Connectivity Checks: "decoder:decoder_inst"                                                                ;
+-------+--------+----------+-------------------------------------------------------------------------------------+
; Port  ; Type   ; Severity ; Details                                                                             ;
+-------+--------+----------+-------------------------------------------------------------------------------------+
; Rs    ; Output ; Info     ; Connected to dangling logic. Logic that only feeds a dangling port will be removed. ;
; imm12 ; Output ; Info     ; Connected to dangling logic. Logic that only feeds a dangling port will be removed. ;
; imm8  ; Output ; Info     ; Connected to dangling logic. Logic that only feeds a dangling port will be removed. ;
; bit7  ; Output ; Info     ; Connected to dangling logic. Logic that only feeds a dangling port will be removed. ;
+-------+--------+----------+-------------------------------------------------------------------------------------+


+-----------------------------------------------------------------------------------------------------------------+
; Port Connectivity Checks: "flags:flags_inst"                                                                    ;
+-------+--------+----------+-------------------------------------------------------------------------------------+
; Port  ; Type   ; Severity ; Details                                                                             ;
+-------+--------+----------+-------------------------------------------------------------------------------------+
; flags ; Output ; Info     ; Connected to dangling logic. Logic that only feeds a dangling port will be removed. ;
+-------+--------+----------+-------------------------------------------------------------------------------------+


+--------------------------------------------------------------------------------------------------------------------------------+
; Port Connectivity Checks: "controller:controller_inst"                                                                         ;
+----------------------+--------+----------+-------------------------------------------------------------------------------------+
; Port                 ; Type   ; Severity ; Details                                                                             ;
+----------------------+--------+----------+-------------------------------------------------------------------------------------+
; regfile_WDr15_select ; Output ; Info     ; Connected to dangling logic. Logic that only feeds a dangling port will be removed. ;
; s_generate_flags     ; Output ; Info     ; Connected to dangling logic. Logic that only feeds a dangling port will be removed. ;
+----------------------+--------+----------+-------------------------------------------------------------------------------------+


+-----------------------------------------------------+
; Post-Synthesis Netlist Statistics for Top Partition ;
+-------------------+---------------------------------+
; Type              ; Count                           ;
+-------------------+---------------------------------+
; boundary_port     ; 1                               ;
;                   ;                                 ;
; Max LUT depth     ; 0.00                            ;
; Average LUT depth ; 0.00                            ;
+-------------------+---------------------------------+


+-------------------------------+
; Elapsed Time Per Partition    ;
+----------------+--------------+
; Partition Name ; Elapsed Time ;
+----------------+--------------+
; Top            ; 00:00:00     ;
+----------------+--------------+


+-------------------------------+
; Analysis & Synthesis Messages ;
+-------------------------------+
Info: *******************************************************************
Info: Running Quartus Prime Analysis & Synthesis
    Info: Version 20.1.1 Build 720 11/11/2020 Patches 1.02i SJ Lite Edition
    Info: Processing started: Fri Dec 17 05:41:36 2021
Info: Command: quartus_map --read_settings_files=on --write_settings_files=off single-cycle-arm-microprocessor -c single-cycle-arm-microprocessor
Warning (18236): Number of processors has not been specified which may cause overloading on shared machines.  Set the global assignment NUM_PARALLEL_PROCESSORS in your QSF to an appropriate value for best performance.
Info (20030): Parallel compilation is enabled and will use 2 of the 2 processors detected
Info (12021): Found 1 design units, including 1 entities, in source file regfile.sv
    Info (12023): Found entity 1: register_file File: C:/Users/ninom/OneDrive/Desktop/CE475/microprocessor/regfile.sv Line: 1
Info (12021): Found 1 design units, including 1 entities, in source file zero_concatenator.sv
    Info (12023): Found entity 1: zero_concatenator File: C:/Users/ninom/OneDrive/Desktop/CE475/microprocessor/zero_concatenator.sv Line: 1
Info (12021): Found 1 design units, including 1 entities, in source file tb.v
    Info (12023): Found entity 1: tb File: C:/Users/ninom/OneDrive/Desktop/CE475/microprocessor/tb.v Line: 1
Info (12021): Found 1 design units, including 1 entities, in source file cpu_alu.sv
    Info (12023): Found entity 1: ALU File: C:/Users/ninom/OneDrive/Desktop/CE475/microprocessor/cpu_alu.sv Line: 1
Info (12021): Found 1 design units, including 1 entities, in source file cpu_decoder.sv
    Info (12023): Found entity 1: decoder File: C:/Users/ninom/OneDrive/Desktop/CE475/microprocessor/cpu_decoder.sv Line: 1
Info (12021): Found 1 design units, including 1 entities, in source file instruction_memory.sv
    Info (12023): Found entity 1: instrmem File: C:/Users/ninom/OneDrive/Desktop/CE475/microprocessor/instruction_memory.sv Line: 1
Info (12021): Found 1 design units, including 1 entities, in source file data_memory.sv
    Info (12023): Found entity 1: datamem File: C:/Users/ninom/OneDrive/Desktop/CE475/microprocessor/data_memory.sv Line: 1
Info (12021): Found 1 design units, including 1 entities, in source file flags.sv
    Info (12023): Found entity 1: flags File: C:/Users/ninom/OneDrive/Desktop/CE475/microprocessor/flags.sv Line: 1
Info (12021): Found 1 design units, including 1 entities, in source file top.sv
    Info (12023): Found entity 1: top File: C:/Users/ninom/OneDrive/Desktop/CE475/microprocessor/top.sv Line: 1
Info (12021): Found 1 design units, including 1 entities, in source file cpu_shifter.sv
    Info (12023): Found entity 1: shifter File: C:/Users/ninom/OneDrive/Desktop/CE475/microprocessor/cpu_shifter.sv Line: 1
Info (12021): Found 1 design units, including 1 entities, in source file mux_2x1.sv
    Info (12023): Found entity 1: mux_2x1 File: C:/Users/ninom/OneDrive/Desktop/CE475/microprocessor/mux_2X1.sv Line: 1
Info (12021): Found 1 design units, including 1 entities, in source file controller.sv
    Info (12023): Found entity 1: controller File: C:/Users/ninom/OneDrive/Desktop/CE475/microprocessor/controller.sv Line: 1
Info (12021): Found 1 design units, including 1 entities, in source file incrementor.sv
    Info (12023): Found entity 1: incrementor File: C:/Users/ninom/OneDrive/Desktop/CE475/microprocessor/incrementor.sv Line: 1
Info (12021): Found 1 design units, including 1 entities, in source file mux_3x1.sv
    Info (12023): Found entity 1: mux_3x1 File: C:/Users/ninom/OneDrive/Desktop/CE475/microprocessor/mux_3x1.sv Line: 1
Warning (10236): Verilog HDL Implicit Net warning at top.sv(80): created implicit net for "_s_generate_flags_in" File: C:/Users/ninom/OneDrive/Desktop/CE475/microprocessor/top.sv Line: 80
Info (12127): Elaborating entity "top" for the top level hierarchy
Info (12128): Elaborating entity "controller" for hierarchy "controller:controller_inst" File: C:/Users/ninom/OneDrive/Desktop/CE475/microprocessor/top.sv Line: 89
Warning (10230): Verilog HDL assignment warning at controller.sv(29): truncated value with size 32 to match size of target (1) File: C:/Users/ninom/OneDrive/Desktop/CE475/microprocessor/controller.sv Line: 29
Warning (10230): Verilog HDL assignment warning at controller.sv(35): truncated value with size 32 to match size of target (1) File: C:/Users/ninom/OneDrive/Desktop/CE475/microprocessor/controller.sv Line: 35
Warning (10230): Verilog HDL assignment warning at controller.sv(37): truncated value with size 32 to match size of target (2) File: C:/Users/ninom/OneDrive/Desktop/CE475/microprocessor/controller.sv Line: 37
Info (12128): Elaborating entity "register_file" for hierarchy "register_file:regfile_inst" File: C:/Users/ninom/OneDrive/Desktop/CE475/microprocessor/top.sv Line: 105
Info (12128): Elaborating entity "shifter" for hierarchy "shifter:shifter_inst" File: C:/Users/ninom/OneDrive/Desktop/CE475/microprocessor/top.sv Line: 118
Warning (10230): Verilog HDL assignment warning at cpu_shifter.sv(24): truncated value with size 64 to match size of target (32) File: C:/Users/ninom/OneDrive/Desktop/CE475/microprocessor/cpu_shifter.sv Line: 24
Warning (10230): Verilog HDL assignment warning at cpu_shifter.sv(35): truncated value with size 64 to match size of target (32) File: C:/Users/ninom/OneDrive/Desktop/CE475/microprocessor/cpu_shifter.sv Line: 35
Warning (10230): Verilog HDL assignment warning at cpu_shifter.sv(46): truncated value with size 64 to match size of target (32) File: C:/Users/ninom/OneDrive/Desktop/CE475/microprocessor/cpu_shifter.sv Line: 46
Info (12128): Elaborating entity "ALU" for hierarchy "ALU:alu_inst" File: C:/Users/ninom/OneDrive/Desktop/CE475/microprocessor/top.sv Line: 127
Warning (10240): Verilog HDL Always Construct warning at cpu_alu.sv(41): inferring latch(es) for variable "result", which holds its previous value in one or more paths through the always construct File: C:/Users/ninom/OneDrive/Desktop/CE475/microprocessor/cpu_alu.sv Line: 41
Info (10041): Inferred latch for "result[32]" at cpu_alu.sv(41) File: C:/Users/ninom/OneDrive/Desktop/CE475/microprocessor/cpu_alu.sv Line: 41
Info (12128): Elaborating entity "flags" for hierarchy "flags:flags_inst" File: C:/Users/ninom/OneDrive/Desktop/CE475/microprocessor/top.sv Line: 135
Info (12128): Elaborating entity "instrmem" for hierarchy "instrmem:instmem_inst" File: C:/Users/ninom/OneDrive/Desktop/CE475/microprocessor/top.sv Line: 141
Warning (10030): Net "MEMORY.data_a" at instruction_memory.sv(6) has no driver or initial value, using a default initial value '0' File: C:/Users/ninom/OneDrive/Desktop/CE475/microprocessor/instruction_memory.sv Line: 6
Warning (10030): Net "MEMORY.waddr_a" at instruction_memory.sv(6) has no driver or initial value, using a default initial value '0' File: C:/Users/ninom/OneDrive/Desktop/CE475/microprocessor/instruction_memory.sv Line: 6
Warning (10030): Net "MEMORY.we_a" at instruction_memory.sv(6) has no driver or initial value, using a default initial value '0' File: C:/Users/ninom/OneDrive/Desktop/CE475/microprocessor/instruction_memory.sv Line: 6
Info (12128): Elaborating entity "datamem" for hierarchy "datamem:datamem_inst" File: C:/Users/ninom/OneDrive/Desktop/CE475/microprocessor/top.sv Line: 150
Info (12128): Elaborating entity "decoder" for hierarchy "decoder:decoder_inst" File: C:/Users/ninom/OneDrive/Desktop/CE475/microprocessor/top.sv Line: 174
Info (12128): Elaborating entity "zero_concatenator" for hierarchy "zero_concatenator:zero_concat_inst" File: C:/Users/ninom/OneDrive/Desktop/CE475/microprocessor/top.sv Line: 181
Warning (10230): Verilog HDL assignment warning at zero_concatenator.sv(12): truncated value with size 170 to match size of target (32) File: C:/Users/ninom/OneDrive/Desktop/CE475/microprocessor/zero_concatenator.sv Line: 12
Info (12128): Elaborating entity "incrementor" for hierarchy "incrementor:incrementor_inst" File: C:/Users/ninom/OneDrive/Desktop/CE475/microprocessor/top.sv Line: 187
Info (12128): Elaborating entity "mux_2x1" for hierarchy "mux_2x1:mux_2x1_alu_src2" File: C:/Users/ninom/OneDrive/Desktop/CE475/microprocessor/top.sv Line: 195
Info (12128): Elaborating entity "mux_3x1" for hierarchy "mux_3x1:mux_3x1_regfile_WD" File: C:/Users/ninom/OneDrive/Desktop/CE475/microprocessor/top.sv Line: 210
Info (144001): Generated suppressed messages file C:/Users/ninom/OneDrive/Desktop/CE475/microprocessor/output_files/single-cycle-arm-microprocessor.map.smsg
Info (16010): Generating hard_block partition "hard_block:auto_generated_inst"
    Info (16011): Adding 0 node(s), including 0 DDIO, 0 PLL, 0 transceiver and 0 LCELL
Warning (21074): Design contains 1 input pin(s) that do not drive logic
    Warning (15610): No output dependent on input pin "clk" File: C:/Users/ninom/OneDrive/Desktop/CE475/microprocessor/top.sv Line: 3
Info (21057): Implemented 1 device resources after synthesis - the final resource count might be different
    Info (21058): Implemented 1 input pins
    Info (21059): Implemented 0 output pins
Info: Quartus Prime Analysis & Synthesis was successful. 0 errors, 15 warnings
    Info: Peak virtual memory: 4811 megabytes
    Info: Processing ended: Fri Dec 17 05:42:11 2021
    Info: Elapsed time: 00:00:35
    Info: Total CPU time (on all processors): 00:00:49


+------------------------------------------+
; Analysis & Synthesis Suppressed Messages ;
+------------------------------------------+
The suppressed messages can be found in C:/Users/ninom/OneDrive/Desktop/CE475/microprocessor/output_files/single-cycle-arm-microprocessor.map.smsg.


